yarn run v1.22.22
$ nodemon --inspect --exec tsx src/app.ts
[33m[nodemon] 3.1.14[39m
[33m[nodemon] to restart at any time, enter `rs`[39m
[33m[nodemon] watching path(s): *.*[39m
[33m[nodemon] watching extensions: ts,json[39m
[32m[nodemon] starting `tsx --inspect src/app.ts`[39m
Starting inspector on 127.0.0.1:9229 failed: address already in use
数据库目录: D:\Users\Administrator\Documents\TEST\data\db2.sqlite
[Socket] 注册命名空间: /api/socket/productionAgent
[Socket] 注册命名空间: /api/socket/scriptAgent
[Socket] 注册命名空间: /api/socket/oneSentenceAgent
文件目录: D:\Users\Administrator\Documents\TEST\data\oss
文件目录: D:\Users\Administrator\Documents\TEST\data\skills
文件目录: D:\Users\Administrator\Documents\TEST\data\assets
静态网站目录: D:\Users\Administrator\Documents\TEST\data\web
[服务启动成功]: http://localhost:10588
[0mPOST /api/login/login [32m200[0m 15.453 ms - 243[0m
[0mPOST /api/oneSentenceAgent/chat/expand [31m500[0m 11.942 ms - 92[0m
[0mGET / [32m200[0m 2.140 ms - 26880189[0m
[0mGET /favicon.ico [32m200[0m 1.229 ms - 172850[0m
[0mGET /one_sentence.html [32m200[0m 0.513 ms - 19943[0m
[0mGET /web/index.html [33m401[0m 1.613 ms - 28[0m
[0mPOST /api/login/login [32m200[0m 2.867 ms - 243[0m
[0mPOST /api/modelSelect/getModelList [33m404[0m 2.520 ms - 27[0m
[0mPOST /api/modelSelect/getModelList [33m404[0m 2.213 ms - 27[0m
[0mPOST /api/project/getProject [32m200[0m 2.946 ms - 41[0m
[0mPOST /api/setting/about/checkUpdate [32m200[0m 303.658 ms - 140[0m
[0mGET /one_sentence.html [32m200[0m 0.846 ms - 19943[0m
[0mGET /favicon.ico [32m200[0m 0.803 ms - 172850[0m
[0mPOST /api/setting/vendorConfig/getVendorList [32m200[0m 362.440 ms - 241219[0m
[0mGET /ts.worker-DGHjMaqB.js [32m200[0m 0.906 ms - 7088233[0m
[0mPOST /api/setting/vendorConfig/getVendorList [32m200[0m 196.552 ms - 241219[0m
[0mPOST /api/modelSelect/getModelList [33m404[0m 2.132 ms - 27[0m
[0mPOST /api/setting/agentDeploy/getAgentDeploy [32m200[0m 2.138 ms - 4187[0m
 Line:9 🍓 useMode { key: 'agentUseMode', value: '0' }
[0mGET /api/setting/agentDeploy/getAgentUseMode [32m200[0m 4.082 ms - 42[0m
[0mPOST /api/setting/promptManage/getPrompt [32m200[0m 2.846 ms - 44681[0m
[0mGET /api/setting/memoryConfig/getMemory [32m200[0m 2.491 ms - 248[0m
[0mPOST /api/setting/promptManage/getPrompt [32m200[0m 2.621 ms - 44681[0m
[0mPOST /api/setting/skillManagement/getSkillList [32m200[0m 6.666 ms - 11760[0m
[0mGET /api/setting/loginConfig/getUser [32m200[0m 2.243 ms - 84[0m
[0mGET /api/other/getVersion [32m200[0m 1.839 ms - 46[0m
[0mGET /api/setting/memoryConfig/getMemory [36m304[0m 2.425 ms - -[0m
[0mPOST /api/modelSelect/getModelList [33m404[0m 2.221 ms - 27[0m
[0mPOST /api/setting/agentDeploy/getAgentDeploy [32m200[0m 1.464 ms - 4187[0m
 Line:9 🍓 useMode { key: 'agentUseMode', value: '0' }
[0mGET /api/setting/agentDeploy/getAgentUseMode [36m304[0m 2.321 ms - -[0m
[0mPOST /api/setting/modelMap/getImageAndVideoModel [33m404[0m 1.858 ms - 27[0m
[0mPOST /api/modelSelect/getModelList [33m404[0m 1.668 ms - 27[0m
[0mPOST /api/setting/agentDeploy/getAgentDeploy [32m200[0m 1.689 ms - 4187[0m
 Line:9 🍓 useMode { key: 'agentUseMode', value: '0' }
[0mGET /api/setting/agentDeploy/getAgentUseMode [36m304[0m 1.783 ms - -[0m
[0mGET /api/setting/dev/getSwitchAiDevTool [32m200[0m 2.181 ms - 42[0m
[0mGET /json.worker-usMZ-FED.js [32m200[0m 1.186 ms - 384496[0m
[0mGET /api/other/getVersion [36m304[0m 1.766 ms - -[0m
[0mPOST /api/task/getTaskApi [32m200[0m 4.695 ms - 60[0m
[0mPOST /api/task/getTaskCategories [32m200[0m 1.762 ms - 41[0m
[0mPOST /api/task/getProject [32m200[0m 1.431 ms - 41[0m
[0mPOST /api/modelSelect/getModelList [33m404[0m 1.774 ms - 27[0m
[0mPOST /api/modelSelect/getModelList [33m404[0m 1.264 ms - 27[0m
[0mPOST /api/project/getProject [32m200[0m 1.153 ms - 41[0m
[0mPOST /api/project/getVisualManual [32m200[0m 46.205 ms - 1099501[0m
[0mPOST /api/project/queryDirectorManual [32m200[0m 15.160 ms - 230755[0m
[0mGET /skills/art_skills/2D_mature_urban_romance/images/1.png [32m200[0m 2.565 ms - 1198018[0m
[0mGET /skills/art_skills/2D_flat_design/images/1.png [32m200[0m 2.896 ms - 1344451[0m
[0mGET /skills/art_skills/3D_chinese_traditional/images/1.png [32m200[0m 2.340 ms - 1314484[0m
[0mGET /skills/art_skills/2D_90s_japanese_anime/images/1.png [32m200[0m 3.706 ms - 1720108[0m
[0mGET /skills/art_skills/3D_anime_render/images/1.png [32m200[0m 2.626 ms - 1825675[0m
[0mGET /skills/art_skills/realpeople_modern_city/images/120acd4a-e368-4e70-8060-dc4136a292f7.jpg [32m200[0m 3.333 ms - 17217[0m
[0mGET /skills/art_skills/2D_chinese_guofeng/images/1.png [32m200[0m 3.326 ms - 2001808[0m
[0mGET /skills/story_skills/Horror_supernatural/images/title.png [32m200[0m 3.066 ms - 8249[0m
[0mGET /skills/story_skills/Hot_blooded_action/images/title.png [32m200[0m 3.141 ms - 7506[0m
[0mGET /skills/art_skills/3D_guofeng_cyber/images/0d631a31-eb61-49ad-855f-396afb5fb48a.jpg [32m200[0m 35.766 ms - 740336[0m
[0mGET /skills/art_skills/realpeople_urban_modern/images/1.png [32m200[0m 37.638 ms - 1255760[0m
[0mGET /skills/art_skills/3D_clay_stopmotion/images/1.png [32m200[0m 37.873 ms - 1225349[0m
[0mGET /skills/art_skills/realpeople_ancient_chinese/images/1.png [32m200[0m 2.346 ms - 1039609[0m
[0mGET /skills/story_skills/Coming_of_age/images/title.png [32m200[0m 1.255 ms - 7553[0m
[0mGET /skills/story_skills/Psychological_drama/images/title.png [32m200[0m 1.105 ms - 7389[0m
[0mGET /skills/story_skills/Historical_epic/images/title.png [32m200[0m 1.052 ms - 6024[0m
[0mGET /skills/story_skills/Mystery_thriller/images/title.png [32m200[0m 1.471 ms - 8297[0m
[0mGET /skills/story_skills/Sweet_romance_novel/images/title.png [32m200[0m 1.526 ms - 5996[0m
[0mGET /skills/story_skills/Urban_workplace_drama/images/title.png [32m200[0m 1.488 ms - 7765[0m
[0mGET /skills/story_skills/Family_warmth/images/title.png [32m200[0m 1.010 ms - 8449[0m
[0mGET /skills/story_skills/Xianxia_fantasy/images/title.png [32m200[0m 1.043 ms - 7173[0m
[0mGET /skills/story_skills/Comedy_humor/images/title.png [32m200[0m 1.137 ms - 6988[0m
[0mGET /skills/story_skills/Scifi_post_apocalypse/images/title.png [32m200[0m 1.057 ms - 7543[0m
[0mPOST /api/modelSelect/getModelList [33m404[0m 2.093 ms - 27[0m
[0mPOST /api/setting/about/checkUpdate [32m200[0m 278.575 ms - 140[0m
[0mPOST /api/setting/modelMap/getImageAndVideoModel [33m404[0m 1.529 ms - 27[0m
[0mPOST /api/setting/vendorConfig/getVendorList [32m200[0m 284.687 ms - 241219[0m
[0mPOST /api/setting/vendorConfig/updateVendorInputs [32m200[0m 4.033 ms - 53[0m
[0mPOST /api/setting/vendorConfig/getVendorList [32m200[0m 192.184 ms - 241219[0m
[0mPOST /api/setting/modelMap/getImageAndVideoModel [33m404[0m 2.169 ms - 27[0m
[0mPOST /api/modelSelect/getModelList [33m404[0m 1.864 ms - 27[0m
[0mPOST /api/setting/agentDeploy/getAgentDeploy [32m200[0m 1.393 ms - 4187[0m
 Line:9 🍓 useMode { key: 'agentUseMode', value: '0' }
[0mGET /api/setting/agentDeploy/getAgentUseMode [36m304[0m 3.738 ms - -[0m
[0mPOST /api/setting/promptManage/getPrompt [32m200[0m 2.321 ms - 44681[0m
[0mPOST /api/modelSelect/getModelList [33m404[0m 1.594 ms - 27[0m
[0mPOST /api/setting/agentDeploy/getAgentDeploy [32m200[0m 1.457 ms - 4187[0m
 Line:9 🍓 useMode { key: 'agentUseMode', value: '0' }
[0mGET /api/setting/agentDeploy/getAgentUseMode [36m304[0m 2.519 ms - -[0m
[0mPOST /api/setting/modelMap/getImageAndVideoModel [33m404[0m 1.599 ms - 27[0m
[0mPOST /api/setting/vendorConfig/getVendorList [32m200[0m 253.112 ms - 241219[0m
[0mPOST /api/setting/vendorConfig/getVendorList [32m200[0m 189.928 ms - 241219[0m
[0mPOST /api/setting/about/checkUpdate [32m200[0m 297.421 ms - 140[0m
[0mPOST /api/setting/about/checkUpdate [32m200[0m 280.315 ms - 140[0m
[0mPOST /api/setting/about/checkUpdate [32m200[0m 284.274 ms - 140[0m
[0mGET /favicon.ico [36m304[0m 0.756 ms - -[0m
[32m[nodemon] restarting due to changes...[39m
[32m[nodemon] starting `tsx --inspect src/app.ts`[39m
Starting inspector on 127.0.0.1:9229 failed: address already in use
数据库目录: D:\Users\Administrator\Documents\TEST\data\db2.sqlite
[Socket] 注册命名空间: /api/socket/productionAgent
[Socket] 注册命名空间: /api/socket/scriptAgent
[Socket] 注册命名空间: /api/socket/oneSentenceAgent
文件目录: D:\Users\Administrator\Documents\TEST\data\oss
文件目录: D:\Users\Administrator\Documents\TEST\data\skills
文件目录: D:\Users\Administrator\Documents\TEST\data\assets
静态网站目录: D:\Users\Administrator\Documents\TEST\data\web
[服务启动成功]: http://localhost:10588
[0mPOST /api/setting/about/checkUpdate [33m400[0m 309.090 ms - 82[0m
[0mPOST /api/setting/about/checkUpdate [33m400[0m 280.579 ms - 82[0m
[0mPOST /api/setting/about/checkUpdate [33m400[0m 302.864 ms - 82[0m
[32m[nodemon] restarting due to changes...[39m
[32m[nodemon] starting `tsx --inspect src/app.ts`[39m
Starting inspector on 127.0.0.1:9229 failed: address already in use
数据库目录: D:\Users\Administrator\Documents\TEST\data\db2.sqlite
[Socket] 注册命名空间: /api/socket/productionAgent
[Socket] 注册命名空间: /api/socket/scriptAgent
[Socket] 注册命名空间: /api/socket/oneSentenceAgent
文件目录: D:\Users\Administrator\Documents\TEST\data\oss
文件目录: D:\Users\Administrator\Documents\TEST\data\skills
文件目录: D:\Users\Administrator\Documents\TEST\data\assets
静态网站目录: D:\Users\Administrator\Documents\TEST\data\web
[服务启动成功]: http://localhost:10588
[0mPOST /api/setting/about/checkUpdate [33m400[0m 347.565 ms - 82[0m
[32m[nodemon] restarting due to changes...[39m
[32m[nodemon] starting `tsx --inspect src/app.ts`[39m
Starting inspector on 127.0.0.1:9229 failed: address already in use
数据库目录: D:\Users\Administrator\Documents\TEST\data\db2.sqlite
[Socket] 注册命名空间: /api/socket/productionAgent
[Socket] 注册命名空间: /api/socket/scriptAgent
[Socket] 注册命名空间: /api/socket/oneSentenceAgent
文件目录: D:\Users\Administrator\Documents\TEST\data\oss
文件目录: D:\Users\Administrator\Documents\TEST\data\skills
文件目录: D:\Users\Administrator\Documents\TEST\data\assets
静态网站目录: D:\Users\Administrator\Documents\TEST\data\web
[服务启动成功]: http://localhost:10588
[32m[nodemon] restarting due to changes...[39m
[32m[nodemon] starting `tsx --inspect src/app.ts`[39m
Starting inspector on 127.0.0.1:9229 failed: address already in use
数据库目录: D:\Users\Administrator\Documents\TEST\data\db2.sqlite
[Socket] 注册命名空间: /api/socket/productionAgent
[Socket] 注册命名空间: /api/socket/scriptAgent
[Socket] 注册命名空间: /api/socket/oneSentenceAgent
文件目录: D:\Users\Administrator\Documents\TEST\data\oss
文件目录: D:\Users\Administrator\Documents\TEST\data\skills
文件目录: D:\Users\Administrator\Documents\TEST\data\assets
静态网站目录: D:\Users\Administrator\Documents\TEST\data\web
[服务启动成功]: http://localhost:10588
[32m[nodemon] restarting due to changes...[39m
[32m[nodemon] starting `tsx --inspect src/app.ts`[39m
Starting inspector on 127.0.0.1:9229 failed: address already in use
数据库目录: D:\Users\Administrator\Documents\TEST\data\db2.sqlite
[Socket] 注册命名空间: /api/socket/productionAgent
[Socket] 注册命名空间: /api/socket/scriptAgent
[Socket] 注册命名空间: /api/socket/oneSentenceAgent
文件目录: D:\Users\Administrator\Documents\TEST\data\oss
文件目录: D:\Users\Administrator\Documents\TEST\data\skills
文件目录: D:\Users\Administrator\Documents\TEST\data\assets
静态网站目录: D:\Users\Administrator\Documents\TEST\data\web
[服务启动成功]: http://localhost:10588
[32m[nodemon] restarting due to changes...[39m
[32m[nodemon] starting `tsx --inspect src/app.ts`[39m
Starting inspector on 127.0.0.1:9229 failed: address already in use
数据库目录: D:\Users\Administrator\Documents\TEST\data\db2.sqlite
[Socket] 注册命名空间: /api/socket/productionAgent
[Socket] 注册命名空间: /api/socket/scriptAgent
[Socket] 注册命名空间: /api/socket/oneSentenceAgent
文件目录: D:\Users\Administrator\Documents\TEST\data\oss
文件目录: D:\Users\Administrator\Documents\TEST\data\skills
文件目录: D:\Users\Administrator\Documents\TEST\data\assets
静态网站目录: D:\Users\Administrator\Documents\TEST\data\web
[服务启动成功]: http://localhost:10588
[0mGET /one_sentence.html [32m200[0m 3.473 ms - 35872[0m
[0mPOST /api/login/login [32m200[0m 17.535 ms - 243[0m
[0mPOST /api/login/login [32m200[0m 4.008 ms - 243[0m
[0mPOST /api/oneSentenceAgent/chat/expand [31m500[0m 23.340 ms - 92[0m
[0mPOST /api/setting/about/checkUpdate [33m400[0m 329.193 ms - 82[0m
